<?xml version="1.0" encoding="UTF-8"?>
<!-- Generated by org.testng.reporters.JUnitReportReporter -->
<testsuite hostname="DESKTOP-R7VTC6A" failures="0" tests="11" name="PackageAccessQue.APIaccessque" time="19.571" errors="0" timestamp="2022-09-02T14:13:24 IST" skipped="0">
  <testcase classname="PackageAccessQue.APIaccessque" name="AgentSIgnIn" time="3.341"/>
  <system-out/>
  <testcase classname="PackageAccessQue.APIaccessque" name="SerachOnCampBellsvilleDashboard" time="1.308"/>
  <system-out/>
  <testcase classname="PackageAccessQue.APIaccessque" name="GetLeadsVIEW" time="1.269"/>
  <system-out/>
  <testcase classname="PackageAccessQue.APIaccessque" name="AddCustomDocCreated" time="1.144"/>
  <system-out/>
  <testcase classname="PackageAccessQue.APIaccessque" name="AddCustomDocUploaded" time="3.708"/>
  <system-out/>
  <testcase classname="PackageAccessQue.APIaccessque" name="ValidateDocument2" time="1.191"/>
  <system-out/>
  <testcase classname="PackageAccessQue.APIaccessque" name="ReValidateDocument2" time="1.185"/>
  <system-out/>
  <testcase classname="PackageAccessQue.APIaccessque" name="SendNotifications" time="1.208"/>
  <system-out/>
  <testcase classname="PackageAccessQue.APIaccessque" name="AddComments" time="2.895"/>
  <system-out/>
  <testcase classname="PackageAccessQue.APIaccessque" name="LeadsUnDifined" time="1.166"/>
  <system-out/>
  <testcase classname="PackageAccessQue.APIaccessque" name="CommentSendNotification" time="1.156"/>
  <system-out/>
</testsuite> <!-- PackageAccessQue.APIaccessque -->
