<?xml version="1.0" encoding="UTF-8"?>
<!-- Generated by org.testng.reporters.JUnitReportReporter -->
<testsuite hostname="DESKTOP-R7VTC6A" failures="0" tests="1" name="PackageAccessQue.RestAssuredAPITesting" time="3.023" errors="0" timestamp="2022-08-18T10:06:05 IST" skipped="0">
  <testcase classname="PackageAccessQue.RestAssuredAPITesting" name="loginTest" time="3.023"/>
  <system-out/>
</testsuite> <!-- PackageAccessQue.RestAssuredAPITesting -->
