<?xml version="1.0" encoding="UTF-8"?>
<!-- Generated by org.testng.reporters.JUnitReportReporter -->
<testsuite hostname="DESKTOP-R7VTC6A" failures="0" tests="85" name="PackageAccessQue.allPagesAPIresponse" time="231.466" errors="1" timestamp="2022-09-02T20:36:07 IST" skipped="0">
  <testcase classname="PackageAccessQue.allPagesAPIresponse" name="TC01_AgentSIgnIn" time="3.260">
    <error message="mail" type="java.lang.NoSuchFieldException">
      <![CDATA[java.lang.NoSuchFieldException: mail
at java.base/java.lang.Class.getField(Class.java:2149)
at PackageAccessQue.allPagesAPIresponse.TC01_AgentSIgnIn(allPagesAPIresponse.java:69)
at java.base/jdk.internal.reflect.DirectMethodHandleAccessor.invoke(DirectMethodHandleAccessor.java:104)
at java.base/java.lang.reflect.Method.invoke(Method.java:577)
at org.testng.internal.MethodInvocationHelper.invokeMethod(MethodInvocationHelper.java:133)
at org.testng.internal.TestInvoker.invokeMethod(TestInvoker.java:598)
at org.testng.internal.TestInvoker.invokeTestMethod(TestInvoker.java:173)
at org.testng.internal.MethodRunner.runInSequence(MethodRunner.java:46)
at org.testng.internal.TestInvoker$MethodInvocationAgent.invoke(TestInvoker.java:824)
at org.testng.internal.TestInvoker.invokeTestMethods(TestInvoker.java:146)
at org.testng.internal.TestMethodWorker.invokeTestMethods(TestMethodWorker.java:146)
at org.testng.internal.TestMethodWorker.run(TestMethodWorker.java:128)
at java.base/java.util.ArrayList.forEach(ArrayList.java:1511)
at org.testng.TestRunner.privateRun(TestRunner.java:794)
at org.testng.TestRunner.run(TestRunner.java:596)
at org.testng.SuiteRunner.runTest(SuiteRunner.java:377)
at org.testng.SuiteRunner.runSequentially(SuiteRunner.java:371)
at org.testng.SuiteRunner.privateRun(SuiteRunner.java:332)
at org.testng.SuiteRunner.run(SuiteRunner.java:276)
at org.testng.SuiteRunnerWorker.runSuite(SuiteRunnerWorker.java:53)
at org.testng.SuiteRunnerWorker.run(SuiteRunnerWorker.java:96)
at org.testng.TestNG.runSuitesSequentially(TestNG.java:1212)
at org.testng.TestNG.runSuitesLocally(TestNG.java:1134)
at org.testng.TestNG.runSuites(TestNG.java:1063)
at org.testng.TestNG.run(TestNG.java:1031)
at org.testng.remote.AbstractRemoteTestNG.run(AbstractRemoteTestNG.java:115)
at org.testng.remote.RemoteTestNG.initAndRun(RemoteTestNG.java:251)
at org.testng.remote.RemoteTestNG.main(RemoteTestNG.java:77)
]]>
    </error>
  </testcase> <!-- TC01_AgentSIgnIn -->
  <system-out/>
  <testcase classname="PackageAccessQue.allPagesAPIresponse" name="TC02_AdminRole" time="1.116"/>
  <system-out/>
  <testcase classname="PackageAccessQue.allPagesAPIresponse" name="TC03_DashboardProject" time="1.128"/>
  <system-out/>
  <testcase classname="PackageAccessQue.allPagesAPIresponse" name="TC04_CallsByAgent" time="1.150"/>
  <system-out/>
  <testcase classname="PackageAccessQue.allPagesAPIresponse" name="TC05_PasswordVerifcation" time="1.105"/>
  <system-out/>
  <testcase classname="PackageAccessQue.allPagesAPIresponse" name="TC06_GetAgentNames" time="1.173"/>
  <system-out/>
  <testcase classname="PackageAccessQue.allPagesAPIresponse" name="TC07_ListOfMyNotifications" time="1.229"/>
  <system-out/>
  <testcase classname="PackageAccessQue.allPagesAPIresponse" name="TC08_ListOfMyNotifications" time="1.233"/>
  <system-out/>
  <testcase classname="PackageAccessQue.allPagesAPIresponse" name="TC09_GetRoleAgents" time="1.178"/>
  <system-out/>
  <testcase classname="PackageAccessQue.allPagesAPIresponse" name="TC010_GetProjectIDUHUB" time="1.267"/>
  <system-out/>
  <testcase classname="PackageAccessQue.allPagesAPIresponse" name="TC011_AGENTS" time="1.185"/>
  <system-out/>
  <testcase classname="PackageAccessQue.allPagesAPIresponse" name="TC012_RoleCompany" time="1.167"/>
  <system-out/>
  <testcase classname="PackageAccessQue.allPagesAPIresponse" name="TC013_ProjectAdmin" time="1.134"/>
  <system-out/>
  <testcase classname="PackageAccessQue.allPagesAPIresponse" name="TC014_GetGBPAgents" time="1.219"/>
  <system-out/>
  <testcase classname="PackageAccessQue.allPagesAPIresponse" name="TC015_GetSideMenuRole" time="1.156"/>
  <system-out/>
  <testcase classname="PackageAccessQue.allPagesAPIresponse" name="TC016_GetTopBarCRM" time="2.374"/>
  <system-out/>
  <testcase classname="PackageAccessQue.allPagesAPIresponse" name="TC017_GetDashboardLeads2" time="61.226"/>
  <system-out/>
  <testcase classname="PackageAccessQue.allPagesAPIresponse" name="TC018_CRMAgents" time="1.265"/>
  <system-out/>
  <testcase classname="PackageAccessQue.allPagesAPIresponse" name="TC019_GetAWSSignInUrlCampBellsVille" time="1.187"/>
  <system-out/>
  <testcase classname="PackageAccessQue.allPagesAPIresponse" name="TC020_UnReadNotificationCount" time="1.183"/>
  <system-out/>
  <testcase classname="PackageAccessQue.allPagesAPIresponse" name="TC021_GetCompanies" time="1.185"/>
  <system-out/>
  <testcase classname="PackageAccessQue.allPagesAPIresponse" name="TC022_AgentLogin" time="1.290"/>
  <system-out/>
  <testcase classname="PackageAccessQue.allPagesAPIresponse" name="TC023_WSchannels" time="1.128"/>
  <system-out/>
  <testcase classname="PackageAccessQue.allPagesAPIresponse" name="TC024_AgentChatAgentChannels" time="1.188"/>
  <system-out/>
  <testcase classname="PackageAccessQue.allPagesAPIresponse" name="TC025_UpdateStatus" time="1.178"/>
  <system-out/>
  <testcase classname="PackageAccessQue.allPagesAPIresponse" name="TC026_ListofUniversities" time="1.197"/>
  <system-out/>
  <testcase classname="PackageAccessQue.allPagesAPIresponse" name="TC027_RefGetTopBarReferers" time="1.185"/>
  <system-out/>
  <testcase classname="PackageAccessQue.allPagesAPIresponse" name="TC028_GetRefereredLeads" time="1.798"/>
  <system-out/>
  <testcase classname="PackageAccessQue.allPagesAPIresponse" name="TC029_GetRunReports" time="1.208"/>
  <system-out/>
  <testcase classname="PackageAccessQue.allPagesAPIresponse" name="TC030_GetRealTimeCountryReports" time="1.380"/>
  <system-out/>
  <testcase classname="PackageAccessQue.allPagesAPIresponse" name="TC031_GetRealTimeCountryReportsCHART" time="1.364"/>
  <system-out/>
  <testcase classname="PackageAccessQue.allPagesAPIresponse" name="TC032_BiAnaReportsProjectList" time="1.191"/>
  <system-out/>
  <testcase classname="PackageAccessQue.allPagesAPIresponse" name="TC033_BiAnaGetListOfPrograms" time="1.121"/>
  <system-out/>
  <testcase classname="PackageAccessQue.allPagesAPIresponse" name="TC034_EnrollmentsTermsList" time="1.159"/>
  <system-out/>
  <testcase classname="PackageAccessQue.allPagesAPIresponse" name="TC035_ApplicationList" time="1.203"/>
  <system-out/>
  <testcase classname="PackageAccessQue.allPagesAPIresponse" name="TC035_EnrollmentsYearsList" time="1.185"/>
  <system-out/>
  <testcase classname="PackageAccessQue.allPagesAPIresponse" name="TC036_GetListOfAgentNew" time="1.187"/>
  <system-out/>
  <testcase classname="PackageAccessQue.allPagesAPIresponse" name="TC037_StatusCounts" time="1.162"/>
  <system-out/>
  <testcase classname="PackageAccessQue.allPagesAPIresponse" name="TC038_AssignedCounts" time="1.194"/>
  <system-out/>
  <testcase classname="PackageAccessQue.allPagesAPIresponse" name="TC039_CourseCounts" time="1.208"/>
  <system-out/>
  <testcase classname="PackageAccessQue.allPagesAPIresponse" name="TC040_IncominCompleted" time="1.125"/>
  <system-out/>
  <testcase classname="PackageAccessQue.allPagesAPIresponse" name="TC041_TopPerformers" time="1.098"/>
  <system-out/>
  <testcase classname="PackageAccessQue.allPagesAPIresponse" name="TC042_ProcessTimeMax10" time="1.202"/>
  <system-out/>
  <testcase classname="PackageAccessQue.allPagesAPIresponse" name="TC043_ValidationTimeMax10" time="1.148"/>
  <system-out/>
  <testcase classname="PackageAccessQue.allPagesAPIresponse" name="TC044_CallsPerDay" time="1.232"/>
  <system-out/>
  <testcase classname="PackageAccessQue.allPagesAPIresponse" name="TC045_CallsInboundOutbound" time="1.169"/>
  <system-out/>
  <testcase classname="PackageAccessQue.allPagesAPIresponse" name="TC046_CallsInVsOut" time="1.195"/>
  <system-out/>
  <testcase classname="PackageAccessQue.allPagesAPIresponse" name="TC047_CallStatus" time="1.230"/>
  <system-out/>
  <testcase classname="PackageAccessQue.allPagesAPIresponse" name="TC048_ProjectAdminUHUB" time="1.192"/>
  <system-out/>
  <testcase classname="PackageAccessQue.allPagesAPIresponse" name="TC049_DashboardTicketsUHUB" time="1.152"/>
  <system-out/>
  <testcase classname="PackageAccessQue.allPagesAPIresponse" name="TC050_DashboardAdminTrueUHUB" time="1.200"/>
  <system-out/>
  <testcase classname="PackageAccessQue.allPagesAPIresponse" name="TC051_DashboardTicketsCAMPBELLSVILLE" time="1.166"/>
  <system-out/>
  <testcase classname="PackageAccessQue.allPagesAPIresponse" name="TC052_DashboardAdminTrueCAMPBELLSVILLE" time="1.136"/>
  <system-out/>
  <testcase classname="PackageAccessQue.allPagesAPIresponse" name="TC053_ProjectAdminREFERRALS" time="1.107"/>
  <system-out/>
  <testcase classname="PackageAccessQue.allPagesAPIresponse" name="TC054_DashboardTicketsREFFERRALS" time="1.114"/>
  <system-out/>
  <testcase classname="PackageAccessQue.allPagesAPIresponse" name="TC055_DashboardAdminTrueREFERRALS" time="1.211"/>
  <system-out/>
  <testcase classname="PackageAccessQue.allPagesAPIresponse" name="TC056_CreateNewIncidentTicket" time="1.105"/>
  <system-out/>
  <testcase classname="PackageAccessQue.allPagesAPIresponse" name="TC057_AgentGroupsID" time="1.205"/>
  <system-out/>
  <testcase classname="PackageAccessQue.allPagesAPIresponse" name="TC058_Priority" time="1.231"/>
  <system-out/>
  <testcase classname="PackageAccessQue.allPagesAPIresponse" name="TC059_Urgency" time="1.176"/>
  <system-out/>
  <testcase classname="PackageAccessQue.allPagesAPIresponse" name="TC060_GetCompanyGroupsID" time="1.155"/>
  <system-out/>
  <testcase classname="PackageAccessQue.allPagesAPIresponse" name="TC061_GetTemplateIDTikcet" time="1.126"/>
  <system-out/>
  <testcase classname="PackageAccessQue.allPagesAPIresponse" name="TC062_ConfByNameDisplayColumnname" time="1.253"/>
  <system-out/>
  <testcase classname="PackageAccessQue.allPagesAPIresponse" name="TC063_RemainingColumns" time="1.195"/>
  <system-out/>
  <testcase classname="PackageAccessQue.allPagesAPIresponse" name="TC064_GetActiveAgentsID" time="1.184"/>
  <system-out/>
  <testcase classname="PackageAccessQue.allPagesAPIresponse" name="TC065_GetCustomTicketsOPEN" time="1.176"/>
  <system-out/>
  <testcase classname="PackageAccessQue.allPagesAPIresponse" name="TC066_GetCustomTicketsCLOSED" time="1.192"/>
  <system-out/>
  <testcase classname="PackageAccessQue.allPagesAPIresponse" name="TC067_GetAWSSignInUrlACCESSQUE" time="1.201"/>
  <system-out/>
  <testcase classname="PackageAccessQue.allPagesAPIresponse" name="TC068_AllCountries" time="1.202"/>
  <system-out/>
  <testcase classname="PackageAccessQue.allPagesAPIresponse" name="TC069_SmsMarketingUHUB" time="1.176"/>
  <system-out/>
  <testcase classname="PackageAccessQue.allPagesAPIresponse" name="TC070_GetProjectIDCAMPBELLSVILLE" time="1.188"/>
  <system-out/>
  <testcase classname="PackageAccessQue.allPagesAPIresponse" name="TC071_SmsMarketingCAMPBELLSVILLE" time="1.121"/>
  <system-out/>
  <testcase classname="PackageAccessQue.allPagesAPIresponse" name="TC072_SmsMarketingREFERRALS" time="1.173"/>
  <system-out/>
  <testcase classname="PackageAccessQue.allPagesAPIresponse" name="TC073_GetProjectIDREFERRALS" time="1.172"/>
  <system-out/>
  <testcase classname="PackageAccessQue.allPagesAPIresponse" name="TC074_CallDataUHUB" time="6.865"/>
  <system-out/>
  <testcase classname="PackageAccessQue.allPagesAPIresponse" name="TC075_CallDataCAMPBELLSVILLE" time="1.198"/>
  <system-out/>
  <testcase classname="PackageAccessQue.allPagesAPIresponse" name="TC076_CallDataREFERRALS" time="2.277"/>
  <system-out/>
  <testcase classname="PackageAccessQue.allPagesAPIresponse" name="TC077_GetRoleCompaniesID" time="1.164"/>
  <system-out/>
  <testcase classname="PackageAccessQue.allPagesAPIresponse" name="TC078_TemplateByNameTicket" time="1.205"/>
  <system-out/>
  <testcase classname="PackageAccessQue.allPagesAPIresponse" name="TC079_GetActiveAgentsIDCAMPBELLSVILLE" time="1.228"/>
  <system-out/>
  <testcase classname="PackageAccessQue.allPagesAPIresponse" name="TC080_GetActiveAgentsIDREFERRALS" time="1.316"/>
  <system-out/>
  <testcase classname="PackageAccessQue.allPagesAPIresponse" name="TC081_AllTemplatesIDDREFERRALS" time="1.191"/>
  <system-out/>
  <testcase classname="PackageAccessQue.allPagesAPIresponse" name="TC082_AllTemplatesIDCAMPBELLSVILLE" time="1.169"/>
  <system-out/>
  <testcase classname="PackageAccessQue.allPagesAPIresponse" name="TC083_AllTemplatesIDREFERRALS" time="1.198"/>
  <system-out/>
  <testcase classname="PackageAccessQue.allPagesAPIresponse" name="TC084_GetCallLogsByCompany" time="61.101"/>
  <system-out/>
</testsuite> <!-- PackageAccessQue.allPagesAPIresponse -->
