<?xml version="1.0" encoding="UTF-8"?>
<!-- Generated by org.testng.reporters.JUnitReportReporter -->
<testsuite hostname="DESKTOP-R7VTC6A" failures="0" tests="2" name="PackageAccessQue.campBellsVilleDashboardAPI" time="6.838" errors="1" timestamp="2022-09-02T21:13:45 IST" skipped="0">
  <testcase classname="PackageAccessQue.campBellsVilleDashboardAPI" name="TC01_MyAgentSIgnIn" time="3.074"/>
  <system-out/>
  <testcase classname="PackageAccessQue.campBellsVilleDashboardAPI" name="uploadFileI20" time="3.764">
    <error message="class io.restassured.internal.RestAssuredResponseImpl cannot be cast to class java.util.HashMap (io.restassured.internal.RestAssuredResponseImpl is in unnamed module of loader &#039;app&#039;; java.util.HashMap is in module java.base of loader &#039;bootstrap&#039;)" type="java.lang.ClassCastException">
      <![CDATA[java.lang.ClassCastException: class io.restassured.internal.RestAssuredResponseImpl cannot be cast to class java.util.HashMap (io.restassured.internal.RestAssuredResponseImpl is in unnamed module of loader 'app'; java.util.HashMap is in module java.base of loader 'bootstrap')
at PackageAccessQue.campBellsVilleDashboardAPI.uploadFileI20(campBellsVilleDashboardAPI.java:95)
at java.base/jdk.internal.reflect.DirectMethodHandleAccessor.invoke(DirectMethodHandleAccessor.java:104)
at java.base/java.lang.reflect.Method.invoke(Method.java:577)
at org.testng.internal.MethodInvocationHelper.invokeMethod(MethodInvocationHelper.java:133)
at org.testng.internal.TestInvoker.invokeMethod(TestInvoker.java:598)
at org.testng.internal.TestInvoker.invokeTestMethod(TestInvoker.java:173)
at org.testng.internal.MethodRunner.runInSequence(MethodRunner.java:46)
at org.testng.internal.TestInvoker$MethodInvocationAgent.invoke(TestInvoker.java:824)
at org.testng.internal.TestInvoker.invokeTestMethods(TestInvoker.java:146)
at org.testng.internal.TestMethodWorker.invokeTestMethods(TestMethodWorker.java:146)
at org.testng.internal.TestMethodWorker.run(TestMethodWorker.java:128)
at java.base/java.util.ArrayList.forEach(ArrayList.java:1511)
at org.testng.TestRunner.privateRun(TestRunner.java:794)
at org.testng.TestRunner.run(TestRunner.java:596)
at org.testng.SuiteRunner.runTest(SuiteRunner.java:377)
at org.testng.SuiteRunner.runSequentially(SuiteRunner.java:371)
at org.testng.SuiteRunner.privateRun(SuiteRunner.java:332)
at org.testng.SuiteRunner.run(SuiteRunner.java:276)
at org.testng.SuiteRunnerWorker.runSuite(SuiteRunnerWorker.java:53)
at org.testng.SuiteRunnerWorker.run(SuiteRunnerWorker.java:96)
at org.testng.TestNG.runSuitesSequentially(TestNG.java:1212)
at org.testng.TestNG.runSuitesLocally(TestNG.java:1134)
at org.testng.TestNG.runSuites(TestNG.java:1063)
at org.testng.TestNG.run(TestNG.java:1031)
at org.testng.remote.AbstractRemoteTestNG.run(AbstractRemoteTestNG.java:115)
at org.testng.remote.RemoteTestNG.initAndRun(RemoteTestNG.java:251)
at org.testng.remote.RemoteTestNG.main(RemoteTestNG.java:77)
]]>
    </error>
  </testcase> <!-- uploadFileI20 -->
  <system-out/>
</testsuite> <!-- PackageAccessQue.campBellsVilleDashboardAPI -->
