<?xml version="1.0" encoding="UTF-8"?>
<!-- Generated by org.testng.reporters.JUnitReportReporter -->
<testsuite hostname="DESKTOP-R7VTC6A" failures="0" tests="100" name="PackageAccessQue.allPagesAPIresponse" time="254.755" errors="0" timestamp="2022-09-05T18:12:13 IST" skipped="0">
  <testcase classname="PackageAccessQue.allPagesAPIresponse" name="TC01_AgentSIgnIn" time="3.362"/>
  <system-out/>
  <testcase classname="PackageAccessQue.allPagesAPIresponse" name="TC02_AdminRole" time="1.295"/>
  <system-out/>
  <testcase classname="PackageAccessQue.allPagesAPIresponse" name="TC03_DashboardProject" time="1.196"/>
  <system-out/>
  <testcase classname="PackageAccessQue.allPagesAPIresponse" name="TC04_CallsByAgent" time="1.283"/>
  <system-out/>
  <testcase classname="PackageAccessQue.allPagesAPIresponse" name="TC05_PasswordVerifcation" time="1.187"/>
  <system-out/>
  <testcase classname="PackageAccessQue.allPagesAPIresponse" name="TC06_GetAgentNames" time="1.186"/>
  <system-out/>
  <testcase classname="PackageAccessQue.allPagesAPIresponse" name="TC07_ListOfMyNotifications" time="1.250"/>
  <system-out/>
  <testcase classname="PackageAccessQue.allPagesAPIresponse" name="TC08_ListOfMyNotifications" time="1.253"/>
  <system-out/>
  <testcase classname="PackageAccessQue.allPagesAPIresponse" name="TC09_GetRoleAgents" time="1.175"/>
  <system-out/>
  <testcase classname="PackageAccessQue.allPagesAPIresponse" name="TC010_GetProjectIDUHUB" time="1.235"/>
  <system-out/>
  <testcase classname="PackageAccessQue.allPagesAPIresponse" name="TC011_AGENTS" time="1.282"/>
  <system-out/>
  <testcase classname="PackageAccessQue.allPagesAPIresponse" name="TC012_RoleCompany" time="1.145"/>
  <system-out/>
  <testcase classname="PackageAccessQue.allPagesAPIresponse" name="TC013_ProjectAdmin" time="1.200"/>
  <system-out/>
  <testcase classname="PackageAccessQue.allPagesAPIresponse" name="TC014_GetGBPAgents" time="1.179"/>
  <system-out/>
  <testcase classname="PackageAccessQue.allPagesAPIresponse" name="TC015_GetSideMenuRole" time="1.176"/>
  <system-out/>
  <testcase classname="PackageAccessQue.allPagesAPIresponse" name="TC016_GetTopBarCRM" time="2.016"/>
  <system-out/>
  <testcase classname="PackageAccessQue.allPagesAPIresponse" name="TC017_GetDashboardLeads2" time="61.150"/>
  <system-out/>
  <testcase classname="PackageAccessQue.allPagesAPIresponse" name="TC018_CRMAgents" time="1.294"/>
  <system-out/>
  <testcase classname="PackageAccessQue.allPagesAPIresponse" name="TC019_GetAWSSignInUrlCampBellsVille" time="1.145"/>
  <system-out/>
  <testcase classname="PackageAccessQue.allPagesAPIresponse" name="TC020_UnReadNotificationCount" time="1.212"/>
  <system-out/>
  <testcase classname="PackageAccessQue.allPagesAPIresponse" name="TC021_GetCompanies" time="1.190"/>
  <system-out/>
  <testcase classname="PackageAccessQue.allPagesAPIresponse" name="TC022_AgentLogin" time="1.148"/>
  <system-out/>
  <testcase classname="PackageAccessQue.allPagesAPIresponse" name="TC023_WSchannels" time="1.123"/>
  <system-out/>
  <testcase classname="PackageAccessQue.allPagesAPIresponse" name="TC024_AgentChatAgentChannels" time="1.132"/>
  <system-out/>
  <testcase classname="PackageAccessQue.allPagesAPIresponse" name="TC025_UpdateStatus" time="1.149"/>
  <system-out/>
  <testcase classname="PackageAccessQue.allPagesAPIresponse" name="TC026_ListofUniversities" time="1.174"/>
  <system-out/>
  <testcase classname="PackageAccessQue.allPagesAPIresponse" name="TC027_RefGetTopBarReferers" time="1.107"/>
  <system-out/>
  <testcase classname="PackageAccessQue.allPagesAPIresponse" name="TC028_GetRefereredLeads" time="1.776"/>
  <system-out/>
  <testcase classname="PackageAccessQue.allPagesAPIresponse" name="TC029_GetRunReports" time="1.316"/>
  <system-out/>
  <testcase classname="PackageAccessQue.allPagesAPIresponse" name="TC030_GetRealTimeCountryReports" time="1.401"/>
  <system-out/>
  <testcase classname="PackageAccessQue.allPagesAPIresponse" name="TC031_GetRealTimeCountryReportsCHART" time="1.410"/>
  <system-out/>
  <testcase classname="PackageAccessQue.allPagesAPIresponse" name="TC032_BiAnaReportsProjectList" time="1.193"/>
  <system-out/>
  <testcase classname="PackageAccessQue.allPagesAPIresponse" name="TC033_BiAnaGetListOfPrograms" time="1.122"/>
  <system-out/>
  <testcase classname="PackageAccessQue.allPagesAPIresponse" name="TC034_EnrollmentsTermsList" time="1.226"/>
  <system-out/>
  <testcase classname="PackageAccessQue.allPagesAPIresponse" name="TC035_ApplicationList" time="1.183"/>
  <system-out/>
  <testcase classname="PackageAccessQue.allPagesAPIresponse" name="TC035_EnrollmentsYearsList" time="1.204"/>
  <system-out/>
  <testcase classname="PackageAccessQue.allPagesAPIresponse" name="TC036_GetListOfAgentNew" time="1.216"/>
  <system-out/>
  <testcase classname="PackageAccessQue.allPagesAPIresponse" name="TC037_StatusCounts" time="1.100"/>
  <system-out/>
  <testcase classname="PackageAccessQue.allPagesAPIresponse" name="TC038_AssignedCounts" time="1.145"/>
  <system-out/>
  <testcase classname="PackageAccessQue.allPagesAPIresponse" name="TC039_CourseCounts" time="1.289"/>
  <system-out/>
  <testcase classname="PackageAccessQue.allPagesAPIresponse" name="TC040_IncominCompleted" time="1.133"/>
  <system-out/>
  <testcase classname="PackageAccessQue.allPagesAPIresponse" name="TC041_TopPerformers" time="1.213"/>
  <system-out/>
  <testcase classname="PackageAccessQue.allPagesAPIresponse" name="TC042_ProcessTimeMax10" time="1.120"/>
  <system-out/>
  <testcase classname="PackageAccessQue.allPagesAPIresponse" name="TC043_ValidationTimeMax10" time="1.157"/>
  <system-out/>
  <testcase classname="PackageAccessQue.allPagesAPIresponse" name="TC044_CallsPerDay" time="1.260"/>
  <system-out/>
  <testcase classname="PackageAccessQue.allPagesAPIresponse" name="TC045_CallsInboundOutbound" time="1.301"/>
  <system-out/>
  <testcase classname="PackageAccessQue.allPagesAPIresponse" name="TC046_CallsInVsOut" time="1.166"/>
  <system-out/>
  <testcase classname="PackageAccessQue.allPagesAPIresponse" name="TC047_CallStatus" time="1.267"/>
  <system-out/>
  <testcase classname="PackageAccessQue.allPagesAPIresponse" name="TC048_ProjectAdminUHUB" time="1.150"/>
  <system-out/>
  <testcase classname="PackageAccessQue.allPagesAPIresponse" name="TC049_DashboardTicketsUHUB" time="1.211"/>
  <system-out/>
  <testcase classname="PackageAccessQue.allPagesAPIresponse" name="TC050_DashboardAdminTrueUHUB" time="1.125"/>
  <system-out/>
  <testcase classname="PackageAccessQue.allPagesAPIresponse" name="TC051_DashboardTicketsCAMPBELLSVILLE" time="1.159"/>
  <system-out/>
  <testcase classname="PackageAccessQue.allPagesAPIresponse" name="TC052_DashboardAdminTrueCAMPBELLSVILLE" time="1.210"/>
  <system-out/>
  <testcase classname="PackageAccessQue.allPagesAPIresponse" name="TC053_ProjectAdminREFERRALS" time="1.210"/>
  <system-out/>
  <testcase classname="PackageAccessQue.allPagesAPIresponse" name="TC054_DashboardTicketsREFFERRALS" time="1.091"/>
  <system-out/>
  <testcase classname="PackageAccessQue.allPagesAPIresponse" name="TC055_DashboardAdminTrueREFERRALS" time="1.173"/>
  <system-out/>
  <testcase classname="PackageAccessQue.allPagesAPIresponse" name="TC056_CreateNewIncidentTicket" time="1.213"/>
  <system-out/>
  <testcase classname="PackageAccessQue.allPagesAPIresponse" name="TC057_AgentGroupsID" time="1.170"/>
  <system-out/>
  <testcase classname="PackageAccessQue.allPagesAPIresponse" name="TC058_Priority" time="1.231"/>
  <system-out/>
  <testcase classname="PackageAccessQue.allPagesAPIresponse" name="TC059_Urgency" time="1.250"/>
  <system-out/>
  <testcase classname="PackageAccessQue.allPagesAPIresponse" name="TC060_GetCompanyGroupsID" time="1.160"/>
  <system-out/>
  <testcase classname="PackageAccessQue.allPagesAPIresponse" name="TC061_GetTemplateIDTikcet" time="1.247"/>
  <system-out/>
  <testcase classname="PackageAccessQue.allPagesAPIresponse" name="TC062_ConfByNameDisplayColumnname" time="1.158"/>
  <system-out/>
  <testcase classname="PackageAccessQue.allPagesAPIresponse" name="TC063_RemainingColumns" time="1.120"/>
  <system-out/>
  <testcase classname="PackageAccessQue.allPagesAPIresponse" name="TC064_GetActiveAgentsID" time="1.105"/>
  <system-out/>
  <testcase classname="PackageAccessQue.allPagesAPIresponse" name="TC065_GetCustomTicketsOPEN" time="1.118"/>
  <system-out/>
  <testcase classname="PackageAccessQue.allPagesAPIresponse" name="TC066_GetCustomTicketsCLOSED" time="1.172"/>
  <system-out/>
  <testcase classname="PackageAccessQue.allPagesAPIresponse" name="TC067_GetAWSSignInUrlACCESSQUE" time="1.116"/>
  <system-out/>
  <testcase classname="PackageAccessQue.allPagesAPIresponse" name="TC068_AllCountries" time="1.192"/>
  <system-out/>
  <testcase classname="PackageAccessQue.allPagesAPIresponse" name="TC069_SmsMarketingUHUB" time="1.195"/>
  <system-out/>
  <testcase classname="PackageAccessQue.allPagesAPIresponse" name="TC070_GetProjectIDCAMPBELLSVILLE" time="1.191"/>
  <system-out/>
  <testcase classname="PackageAccessQue.allPagesAPIresponse" name="TC071_SmsMarketingCAMPBELLSVILLE" time="1.135"/>
  <system-out/>
  <testcase classname="PackageAccessQue.allPagesAPIresponse" name="TC072_SmsMarketingREFERRALS" time="1.260"/>
  <system-out/>
  <testcase classname="PackageAccessQue.allPagesAPIresponse" name="TC073_GetProjectIDREFERRALS" time="1.138"/>
  <system-out/>
  <testcase classname="PackageAccessQue.allPagesAPIresponse" name="TC074_CallDataUHUB" time="7.023"/>
  <system-out/>
  <testcase classname="PackageAccessQue.allPagesAPIresponse" name="TC075_CallDataCAMPBELLSVILLE" time="1.215"/>
  <system-out/>
  <testcase classname="PackageAccessQue.allPagesAPIresponse" name="TC076_CallDataREFERRALS" time="1.239"/>
  <system-out/>
  <testcase classname="PackageAccessQue.allPagesAPIresponse" name="TC077_GetRoleCompaniesID" time="1.174"/>
  <system-out/>
  <testcase classname="PackageAccessQue.allPagesAPIresponse" name="TC078_TemplateByNameTicket" time="1.172"/>
  <system-out/>
  <testcase classname="PackageAccessQue.allPagesAPIresponse" name="TC079_GetActiveAgentsIDCAMPBELLSVILLE" time="1.188"/>
  <system-out/>
  <testcase classname="PackageAccessQue.allPagesAPIresponse" name="TC080_GetActiveAgentsIDREFERRALS" time="1.176"/>
  <system-out/>
  <testcase classname="PackageAccessQue.allPagesAPIresponse" name="TC081_AllTemplatesIDDREFERRALS" time="1.228"/>
  <system-out/>
  <testcase classname="PackageAccessQue.allPagesAPIresponse" name="TC082_AllTemplatesIDCAMPBELLSVILLE" time="1.166"/>
  <system-out/>
  <testcase classname="PackageAccessQue.allPagesAPIresponse" name="TC083_AllTemplatesIDREFERRALS" time="1.153"/>
  <system-out/>
  <testcase classname="PackageAccessQue.allPagesAPIresponse" name="TC084_GetCallLogsByCompany" time="61.115"/>
  <system-out/>
  <testcase classname="PackageAccessQue.allPagesAPIresponse" name="SerachOnCampBellsvilleDashboard" time="1.261"/>
  <system-out/>
  <testcase classname="PackageAccessQue.allPagesAPIresponse" name="GetLeadsVIEW" time="1.213"/>
  <system-out/>
  <testcase classname="PackageAccessQue.allPagesAPIresponse" name="AddCustomDocCreated" time="1.125"/>
  <system-out/>
  <testcase classname="PackageAccessQue.allPagesAPIresponse" name="AddCustomDocUploaded" time="3.842"/>
  <system-out/>
  <testcase classname="PackageAccessQue.allPagesAPIresponse" name="ValidateDocument2" time="1.180"/>
  <system-out/>
  <testcase classname="PackageAccessQue.allPagesAPIresponse" name="ReValidateDocument2" time="1.143"/>
  <system-out/>
  <testcase classname="PackageAccessQue.allPagesAPIresponse" name="SendNotifications" time="1.156"/>
  <system-out/>
  <testcase classname="PackageAccessQue.allPagesAPIresponse" name="AddComments" time="3.018"/>
  <system-out/>
  <testcase classname="PackageAccessQue.allPagesAPIresponse" name="LeadsUnDifined" time="1.149"/>
  <system-out/>
  <testcase classname="PackageAccessQue.allPagesAPIresponse" name="CommentSendNotification" time="1.197"/>
  <system-out/>
  <testcase classname="PackageAccessQue.allPagesAPIresponse" name="clickOnCALLListOfDoc" time="2.952"/>
  <system-out/>
  <testcase classname="PackageAccessQue.allPagesAPIresponse" name="updateCallStatus" time="1.232"/>
  <system-out/>
  <testcase classname="PackageAccessQue.allPagesAPIresponse" name="updateStatus" time="1.140"/>
  <system-out/>
  <testcase classname="PackageAccessQue.allPagesAPIresponse" name="updateCallSid" time="1.239"/>
  <system-out/>
  <testcase classname="PackageAccessQue.allPagesAPIresponse" name="getAgentName" time="1.117"/>
  <system-out/>
</testsuite> <!-- PackageAccessQue.allPagesAPIresponse -->
