<?xml version="1.0" encoding="UTF-8"?>
<!-- Generated by org.testng.reporters.JUnitReportReporter -->
<testsuite hostname="DESKTOP-R7VTC6A" failures="0" tests="6" name="PackageAccessQue.fileUploadDocs" time="25.546" errors="0" timestamp="2022-09-05T14:10:40 IST" skipped="0">
  <testcase classname="PackageAccessQue.fileUploadDocs" name="uploadFileCredEvelution" time="4.909"/>
  <system-out/>
  <testcase classname="PackageAccessQue.fileUploadDocs" name="uploadFileIELTS" time="3.886"/>
  <system-out/>
  <testcase classname="PackageAccessQue.fileUploadDocs" name="uploadFileI20" time="3.872"/>
  <system-out/>
  <testcase classname="PackageAccessQue.fileUploadDocs" name="uploadFileBachlor" time="4.456"/>
  <system-out/>
  <testcase classname="PackageAccessQue.fileUploadDocs" name="uploadFileMaster" time="4.881"/>
  <system-out/>
  <testcase classname="PackageAccessQue.fileUploadDocs" name="StudenloginData" time="3.542"/>
  <system-out/>
</testsuite> <!-- PackageAccessQue.fileUploadDocs -->
