<?xml version="1.0" encoding="UTF-8"?>
<!-- Generated by org.testng.reporters.JUnitReportReporter -->
<testsuite hostname="DESKTOP-R7VTC6A" failures="0" tests="1" name="PackageAccessQue.SimplePrint" time="0.009" errors="0" timestamp="2022-09-13T10:43:17 IST" skipped="0">
  <testcase classname="PackageAccessQue.SimplePrint" name="mymain" time="0.009"/>
  <system-out/>
</testsuite> <!-- PackageAccessQue.SimplePrint -->
