<?xml version="1.0" encoding="UTF-8"?>
<!-- Generated by org.testng.reporters.JUnitReportReporter -->
<testsuite hostname="DESKTOP-R7VTC6A" failures="0" tests="16" name="PackageAccessQue.APIaccessque" time="27.267" errors="0" timestamp="2022-09-06T16:29:30 IST" skipped="0">
  <testcase classname="PackageAccessQue.APIaccessque" name="AgentSIgnIn" time="3.491"/>
  <system-out/>
  <testcase classname="PackageAccessQue.APIaccessque" name="SerachOnCampBellsvilleDashboard" time="1.199"/>
  <system-out/>
  <testcase classname="PackageAccessQue.APIaccessque" name="GetLeadsVIEW" time="1.242"/>
  <system-out/>
  <testcase classname="PackageAccessQue.APIaccessque" name="AddCustomDocCreated" time="1.155"/>
  <system-out/>
  <testcase classname="PackageAccessQue.APIaccessque" name="AddCustomDocUploaded" time="3.729"/>
  <system-out/>
  <testcase classname="PackageAccessQue.APIaccessque" name="ValidateDocument2" time="1.168"/>
  <system-out/>
  <testcase classname="PackageAccessQue.APIaccessque" name="ReValidateDocument2" time="1.200"/>
  <system-out/>
  <testcase classname="PackageAccessQue.APIaccessque" name="SendNotifications" time="1.164"/>
  <system-out/>
  <testcase classname="PackageAccessQue.APIaccessque" name="AddComments" time="2.943"/>
  <system-out/>
  <testcase classname="PackageAccessQue.APIaccessque" name="LeadsUnDifined" time="1.158"/>
  <system-out/>
  <testcase classname="PackageAccessQue.APIaccessque" name="CommentSendNotification" time="1.197"/>
  <system-out/>
  <testcase classname="PackageAccessQue.APIaccessque" name="clickOnCALLListOfDoc" time="2.950"/>
  <system-out/>
  <testcase classname="PackageAccessQue.APIaccessque" name="updateCallStatus" time="1.150"/>
  <system-out/>
  <testcase classname="PackageAccessQue.APIaccessque" name="updateStatus" time="1.198"/>
  <system-out/>
  <testcase classname="PackageAccessQue.APIaccessque" name="updateCallSid" time="1.181"/>
  <system-out/>
  <testcase classname="PackageAccessQue.APIaccessque" name="getAgentName" time="1.142"/>
  <system-out/>
</testsuite> <!-- PackageAccessQue.APIaccessque -->
