<?xml version="1.0" encoding="UTF-8"?>
<!-- Generated by org.testng.reporters.JUnitReportReporter -->
<testsuite hostname="DESKTOP-R7VTC6A" failures="0" tests="1" name="PackageAccessQue.SignInAPI" time="3.229" errors="0" timestamp="2022-08-25T18:33:26 IST" skipped="0">
  <testcase classname="PackageAccessQue.SignInAPI" name="LiveAccessque_Login" time="3.229"/>
  <system-out/>
</testsuite> <!-- PackageAccessQue.SignInAPI -->
