<?xml version="1.0" encoding="UTF-8"?>
<!-- Generated by org.testng.reporters.JUnitReportReporter -->
<testsuite hostname="DESKTOP-R7VTC6A" failures="0" tests="16" name="PackageAccessQue.APIaccessque" time="30.882" errors="0" timestamp="2022-09-02T18:00:46 IST" skipped="0">
  <testcase classname="PackageAccessQue.APIaccessque" name="AgentSIgnIn" time="3.662"/>
  <system-out/>
  <testcase classname="PackageAccessQue.APIaccessque" name="SerachOnCampBellsvilleDashboard" time="1.132"/>
  <system-out/>
  <testcase classname="PackageAccessQue.APIaccessque" name="GetLeadsVIEW" time="1.285"/>
  <system-out/>
  <testcase classname="PackageAccessQue.APIaccessque" name="AddCustomDocCreated" time="1.156"/>
  <system-out/>
  <testcase classname="PackageAccessQue.APIaccessque" name="AddCustomDocUploaded" time="7.230"/>
  <system-out/>
  <testcase classname="PackageAccessQue.APIaccessque" name="ValidateDocument2" time="1.221"/>
  <system-out/>
  <testcase classname="PackageAccessQue.APIaccessque" name="ReValidateDocument2" time="1.145"/>
  <system-out/>
  <testcase classname="PackageAccessQue.APIaccessque" name="SendNotifications" time="1.219"/>
  <system-out/>
  <testcase classname="PackageAccessQue.APIaccessque" name="AddComments" time="2.881"/>
  <system-out/>
  <testcase classname="PackageAccessQue.APIaccessque" name="LeadsUnDifined" time="1.140"/>
  <system-out/>
  <testcase classname="PackageAccessQue.APIaccessque" name="CommentSendNotification" time="1.142"/>
  <system-out/>
  <testcase classname="PackageAccessQue.APIaccessque" name="clickOnCALLListOfDoc" time="2.929"/>
  <system-out/>
  <testcase classname="PackageAccessQue.APIaccessque" name="updateCallStatus" time="1.194"/>
  <system-out/>
  <testcase classname="PackageAccessQue.APIaccessque" name="updateStatus" time="1.179"/>
  <system-out/>
  <testcase classname="PackageAccessQue.APIaccessque" name="updateCallSid" time="1.168"/>
  <system-out/>
  <testcase classname="PackageAccessQue.APIaccessque" name="getAgentName" time="1.199"/>
  <system-out/>
</testsuite> <!-- PackageAccessQue.APIaccessque -->
