<?xml version="1.0" encoding="UTF-8"?>
<!-- Generated by org.testng.reporters.JUnitReportReporter -->
<testsuite hostname="DESKTOP-R7VTC6A" failures="0" tests="1" name="PackageAccessQue.SignInAPI" time="3.704" errors="0" timestamp="2022-09-19T10:32:18 IST" skipped="0">
  <testcase classname="PackageAccessQue.SignInAPI" name="LiveAccessque_Login" time="3.704"/>
  <system-out/>
</testsuite> <!-- PackageAccessQue.SignInAPI -->
