<?xml version="1.0" encoding="UTF-8"?>
<!-- Generated by org.testng.reporters.JUnitReportReporter -->
<testsuite hostname="DESKTOP-R7VTC6A" failures="0" tests="1" name="PackageAccessQue.SimplePrint" time="16.298" errors="0" timestamp="2022-09-14T14:49:00 IST" skipped="0">
  <testcase classname="PackageAccessQue.SimplePrint" name="opnebrowser" time="16.298"/>
  <system-out/>
</testsuite> <!-- PackageAccessQue.SimplePrint -->
