<?xml version="1.0" encoding="UTF-8"?>
<!-- Generated by org.testng.reporters.JUnitReportReporter -->
<testsuite hostname="DESKTOP-R7VTC6A" failures="0" tests="100" name="PackageAccessQue.allPagesAPIresponse" time="384.033" errors="0" timestamp="2022-09-06T14:40:48 IST" skipped="0">
  <testcase classname="PackageAccessQue.allPagesAPIresponse" name="TC01_AgentSIgnIn" time="3.517"/>
  <system-out/>
  <testcase classname="PackageAccessQue.allPagesAPIresponse" name="TC02_AdminRole" time="1.150"/>
  <system-out/>
  <testcase classname="PackageAccessQue.allPagesAPIresponse" name="TC03_DashboardProject" time="1.241"/>
  <system-out/>
  <testcase classname="PackageAccessQue.allPagesAPIresponse" name="TC04_CallsByAgent" time="1.226"/>
  <system-out/>
  <testcase classname="PackageAccessQue.allPagesAPIresponse" name="TC05_PasswordVerifcation" time="1.123"/>
  <system-out/>
  <testcase classname="PackageAccessQue.allPagesAPIresponse" name="TC06_GetAgentNames" time="1.227"/>
  <system-out/>
  <testcase classname="PackageAccessQue.allPagesAPIresponse" name="TC07_ListOfMyNotifications" time="1.228"/>
  <system-out/>
  <testcase classname="PackageAccessQue.allPagesAPIresponse" name="TC08_ListOfMyNotifications" time="1.122"/>
  <system-out/>
  <testcase classname="PackageAccessQue.allPagesAPIresponse" name="TC09_GetRoleAgents" time="1.130"/>
  <system-out/>
  <testcase classname="PackageAccessQue.allPagesAPIresponse" name="TC010_GetProjectIDUHUB" time="1.254"/>
  <system-out/>
  <testcase classname="PackageAccessQue.allPagesAPIresponse" name="TC011_AGENTS" time="1.186"/>
  <system-out/>
  <testcase classname="PackageAccessQue.allPagesAPIresponse" name="TC012_RoleCompany" time="1.156"/>
  <system-out/>
  <testcase classname="PackageAccessQue.allPagesAPIresponse" name="TC013_ProjectAdmin" time="1.143"/>
  <system-out/>
  <testcase classname="PackageAccessQue.allPagesAPIresponse" name="TC014_GetGBPAgents" time="1.199"/>
  <system-out/>
  <testcase classname="PackageAccessQue.allPagesAPIresponse" name="TC015_GetSideMenuRole" time="1.209"/>
  <system-out/>
  <testcase classname="PackageAccessQue.allPagesAPIresponse" name="TC016_GetTopBarCRM" time="6.070"/>
  <system-out/>
  <testcase classname="PackageAccessQue.allPagesAPIresponse" name="TC017_GetDashboardLeads2" time="61.135"/>
  <system-out/>
  <testcase classname="PackageAccessQue.allPagesAPIresponse" name="TC018_CRMAgents" time="1.215"/>
  <system-out/>
  <testcase classname="PackageAccessQue.allPagesAPIresponse" name="TC019_GetAWSSignInUrlCampBellsVille" time="1.116"/>
  <system-out/>
  <testcase classname="PackageAccessQue.allPagesAPIresponse" name="TC020_UnReadNotificationCount" time="1.232"/>
  <system-out/>
  <testcase classname="PackageAccessQue.allPagesAPIresponse" name="TC021_GetCompanies" time="1.150"/>
  <system-out/>
  <testcase classname="PackageAccessQue.allPagesAPIresponse" name="TC022_AgentLogin" time="1.182"/>
  <system-out/>
  <testcase classname="PackageAccessQue.allPagesAPIresponse" name="TC023_WSchannels" time="1.164"/>
  <system-out/>
  <testcase classname="PackageAccessQue.allPagesAPIresponse" name="TC024_AgentChatAgentChannels" time="1.123"/>
  <system-out/>
  <testcase classname="PackageAccessQue.allPagesAPIresponse" name="TC025_UpdateStatus" time="1.190"/>
  <system-out/>
  <testcase classname="PackageAccessQue.allPagesAPIresponse" name="TC026_ListofUniversities" time="1.122"/>
  <system-out/>
  <testcase classname="PackageAccessQue.allPagesAPIresponse" name="TC027_RefGetTopBarReferers" time="1.126"/>
  <system-out/>
  <testcase classname="PackageAccessQue.allPagesAPIresponse" name="TC028_GetRefereredLeads" time="1.775"/>
  <system-out/>
  <testcase classname="PackageAccessQue.allPagesAPIresponse" name="TC029_GetRunReports" time="1.183"/>
  <system-out/>
  <testcase classname="PackageAccessQue.allPagesAPIresponse" name="TC030_GetRealTimeCountryReports" time="61.174"/>
  <system-out/>
  <testcase classname="PackageAccessQue.allPagesAPIresponse" name="TC031_GetRealTimeCountryReportsCHART" time="61.191"/>
  <system-out/>
  <testcase classname="PackageAccessQue.allPagesAPIresponse" name="TC032_BiAnaReportsProjectList" time="1.192"/>
  <system-out/>
  <testcase classname="PackageAccessQue.allPagesAPIresponse" name="TC033_BiAnaGetListOfPrograms" time="2.211"/>
  <system-out/>
  <testcase classname="PackageAccessQue.allPagesAPIresponse" name="TC034_EnrollmentsTermsList" time="1.173"/>
  <system-out/>
  <testcase classname="PackageAccessQue.allPagesAPIresponse" name="TC035_EnrollmentsYearsList" time="1.149"/>
  <system-out/>
  <testcase classname="PackageAccessQue.allPagesAPIresponse" name="TC035_ApplicationList" time="2.293"/>
  <system-out/>
  <testcase classname="PackageAccessQue.allPagesAPIresponse" name="TC036_GetListOfAgentNew" time="3.257"/>
  <system-out/>
  <testcase classname="PackageAccessQue.allPagesAPIresponse" name="TC037_StatusCounts" time="1.141"/>
  <system-out/>
  <testcase classname="PackageAccessQue.allPagesAPIresponse" name="TC038_AssignedCounts" time="1.142"/>
  <system-out/>
  <testcase classname="PackageAccessQue.allPagesAPIresponse" name="TC039_CourseCounts" time="1.162"/>
  <system-out/>
  <testcase classname="PackageAccessQue.allPagesAPIresponse" name="TC040_IncominCompleted" time="1.118"/>
  <system-out/>
  <testcase classname="PackageAccessQue.allPagesAPIresponse" name="TC041_TopPerformers" time="1.068"/>
  <system-out/>
  <testcase classname="PackageAccessQue.allPagesAPIresponse" name="TC042_ProcessTimeMax10" time="1.157"/>
  <system-out/>
  <testcase classname="PackageAccessQue.allPagesAPIresponse" name="TC043_ValidationTimeMax10" time="1.113"/>
  <system-out/>
  <testcase classname="PackageAccessQue.allPagesAPIresponse" name="TC044_CallsPerDay" time="1.146"/>
  <system-out/>
  <testcase classname="PackageAccessQue.allPagesAPIresponse" name="TC045_CallsInboundOutbound" time="1.252"/>
  <system-out/>
  <testcase classname="PackageAccessQue.allPagesAPIresponse" name="TC046_CallsInVsOut" time="1.123"/>
  <system-out/>
  <testcase classname="PackageAccessQue.allPagesAPIresponse" name="TC047_CallStatus" time="1.122"/>
  <system-out/>
  <testcase classname="PackageAccessQue.allPagesAPIresponse" name="TC048_ProjectAdminUHUB" time="1.154"/>
  <system-out/>
  <testcase classname="PackageAccessQue.allPagesAPIresponse" name="TC049_DashboardTicketsUHUB" time="1.167"/>
  <system-out/>
  <testcase classname="PackageAccessQue.allPagesAPIresponse" name="TC050_DashboardAdminTrueUHUB" time="1.135"/>
  <system-out/>
  <testcase classname="PackageAccessQue.allPagesAPIresponse" name="TC051_DashboardTicketsCAMPBELLSVILLE" time="1.200"/>
  <system-out/>
  <testcase classname="PackageAccessQue.allPagesAPIresponse" name="TC052_DashboardAdminTrueCAMPBELLSVILLE" time="1.187"/>
  <system-out/>
  <testcase classname="PackageAccessQue.allPagesAPIresponse" name="TC053_ProjectAdminREFERRALS" time="1.067"/>
  <system-out/>
  <testcase classname="PackageAccessQue.allPagesAPIresponse" name="TC054_DashboardTicketsREFFERRALS" time="1.096"/>
  <system-out/>
  <testcase classname="PackageAccessQue.allPagesAPIresponse" name="TC055_DashboardAdminTrueREFERRALS" time="1.129"/>
  <system-out/>
  <testcase classname="PackageAccessQue.allPagesAPIresponse" name="TC056_CreateNewIncidentTicket" time="1.113"/>
  <system-out/>
  <testcase classname="PackageAccessQue.allPagesAPIresponse" name="TC057_AgentGroupsID" time="1.219"/>
  <system-out/>
  <testcase classname="PackageAccessQue.allPagesAPIresponse" name="TC058_Priority" time="1.238"/>
  <system-out/>
  <testcase classname="PackageAccessQue.allPagesAPIresponse" name="TC059_Urgency" time="1.164"/>
  <system-out/>
  <testcase classname="PackageAccessQue.allPagesAPIresponse" name="TC060_GetCompanyGroupsID" time="1.145"/>
  <system-out/>
  <testcase classname="PackageAccessQue.allPagesAPIresponse" name="TC061_GetTemplateIDTikcet" time="1.243"/>
  <system-out/>
  <testcase classname="PackageAccessQue.allPagesAPIresponse" name="TC062_ConfByNameDisplayColumnname" time="1.105"/>
  <system-out/>
  <testcase classname="PackageAccessQue.allPagesAPIresponse" name="TC063_RemainingColumns" time="1.144"/>
  <system-out/>
  <testcase classname="PackageAccessQue.allPagesAPIresponse" name="TC064_GetActiveAgentsID" time="1.169"/>
  <system-out/>
  <testcase classname="PackageAccessQue.allPagesAPIresponse" name="TC065_GetCustomTicketsOPEN" time="1.115"/>
  <system-out/>
  <testcase classname="PackageAccessQue.allPagesAPIresponse" name="TC066_GetCustomTicketsCLOSED" time="1.108"/>
  <system-out/>
  <testcase classname="PackageAccessQue.allPagesAPIresponse" name="TC067_GetAWSSignInUrlACCESSQUE" time="1.185"/>
  <system-out/>
  <testcase classname="PackageAccessQue.allPagesAPIresponse" name="TC068_AllCountries" time="1.148"/>
  <system-out/>
  <testcase classname="PackageAccessQue.allPagesAPIresponse" name="TC069_SmsMarketingUHUB" time="1.121"/>
  <system-out/>
  <testcase classname="PackageAccessQue.allPagesAPIresponse" name="TC070_GetProjectIDCAMPBELLSVILLE" time="1.125"/>
  <system-out/>
  <testcase classname="PackageAccessQue.allPagesAPIresponse" name="TC071_SmsMarketingCAMPBELLSVILLE" time="1.148"/>
  <system-out/>
  <testcase classname="PackageAccessQue.allPagesAPIresponse" name="TC072_SmsMarketingREFERRALS" time="1.163"/>
  <system-out/>
  <testcase classname="PackageAccessQue.allPagesAPIresponse" name="TC073_GetProjectIDREFERRALS" time="1.118"/>
  <system-out/>
  <testcase classname="PackageAccessQue.allPagesAPIresponse" name="TC074_CallDataUHUB" time="9.634"/>
  <system-out/>
  <testcase classname="PackageAccessQue.allPagesAPIresponse" name="TC075_CallDataCAMPBELLSVILLE" time="1.151"/>
  <system-out/>
  <testcase classname="PackageAccessQue.allPagesAPIresponse" name="TC076_CallDataREFERRALS" time="1.120"/>
  <system-out/>
  <testcase classname="PackageAccessQue.allPagesAPIresponse" name="TC077_GetRoleCompaniesID" time="1.149"/>
  <system-out/>
  <testcase classname="PackageAccessQue.allPagesAPIresponse" name="TC078_TemplateByNameTicket" time="1.119"/>
  <system-out/>
  <testcase classname="PackageAccessQue.allPagesAPIresponse" name="TC079_GetActiveAgentsIDCAMPBELLSVILLE" time="1.168"/>
  <system-out/>
  <testcase classname="PackageAccessQue.allPagesAPIresponse" name="TC080_GetActiveAgentsIDREFERRALS" time="1.133"/>
  <system-out/>
  <testcase classname="PackageAccessQue.allPagesAPIresponse" name="TC081_AllTemplatesIDDREFERRALS" time="1.247"/>
  <system-out/>
  <testcase classname="PackageAccessQue.allPagesAPIresponse" name="TC082_AllTemplatesIDCAMPBELLSVILLE" time="1.155"/>
  <system-out/>
  <testcase classname="PackageAccessQue.allPagesAPIresponse" name="TC083_AllTemplatesIDREFERRALS" time="1.145"/>
  <system-out/>
  <testcase classname="PackageAccessQue.allPagesAPIresponse" name="TC084_GetCallLogsByCompany" time="61.131"/>
  <system-out/>
  <testcase classname="PackageAccessQue.allPagesAPIresponse" name="SerachOnCampBellsvilleDashboard" time="1.171"/>
  <system-out/>
  <testcase classname="PackageAccessQue.allPagesAPIresponse" name="GetLeadsVIEW" time="1.223"/>
  <system-out/>
  <testcase classname="PackageAccessQue.allPagesAPIresponse" name="AddCustomDocCreated" time="1.178"/>
  <system-out/>
  <testcase classname="PackageAccessQue.allPagesAPIresponse" name="AddCustomDocUploaded" time="4.791"/>
  <system-out/>
  <testcase classname="PackageAccessQue.allPagesAPIresponse" name="ValidateDocument2" time="1.143"/>
  <system-out/>
  <testcase classname="PackageAccessQue.allPagesAPIresponse" name="ReValidateDocument2" time="1.227"/>
  <system-out/>
  <testcase classname="PackageAccessQue.allPagesAPIresponse" name="SendNotifications" time="1.195"/>
  <system-out/>
  <testcase classname="PackageAccessQue.allPagesAPIresponse" name="AddComments" time="3.052"/>
  <system-out/>
  <testcase classname="PackageAccessQue.allPagesAPIresponse" name="LeadsUnDifined" time="1.221"/>
  <system-out/>
  <testcase classname="PackageAccessQue.allPagesAPIresponse" name="CommentSendNotification" time="1.163"/>
  <system-out/>
  <testcase classname="PackageAccessQue.allPagesAPIresponse" name="clickOnCALLListOfDoc" time="2.960"/>
  <system-out/>
  <testcase classname="PackageAccessQue.allPagesAPIresponse" name="updateCallStatus" time="1.165"/>
  <system-out/>
  <testcase classname="PackageAccessQue.allPagesAPIresponse" name="updateStatus" time="1.098"/>
  <system-out/>
  <testcase classname="PackageAccessQue.allPagesAPIresponse" name="updateCallSid" time="1.146"/>
  <system-out/>
  <testcase classname="PackageAccessQue.allPagesAPIresponse" name="getAgentName" time="1.164"/>
  <system-out/>
</testsuite> <!-- PackageAccessQue.allPagesAPIresponse -->
