<?xml version="1.0" encoding="UTF-8"?>
<!-- Generated by org.testng.reporters.JUnitReportReporter -->
<testsuite hostname="DESKTOP-R7VTC6A" failures="0" tests="2" name="PackageAccessQue.SignInAPI" time="7.374" errors="0" timestamp="2022-09-19T15:39:18 IST" skipped="0">
  <testcase classname="PackageAccessQue.SignInAPI" name="UplodDocumentsAPI" time="3.811"/>
  <system-out/>
  <testcase classname="PackageAccessQue.SignInAPI" name="LiveAccessque_Login" time="3.563"/>
  <system-out/>
</testsuite> <!-- PackageAccessQue.SignInAPI -->
